TN:
SF:src\server.ts
FN:20,(anonymous_1)
FN:22,(anonymous_2)
FN:33,(anonymous_3)
FN:37,(anonymous_4)
FNF:4
FNH:2
FNDA:0,(anonymous_1)
FNDA:0,(anonymous_2)
FNDA:1,(anonymous_3)
FNDA:1,(anonymous_4)
DA:1,1
DA:2,1
DA:3,1
DA:4,1
DA:5,1
DA:6,1
DA:8,1
DA:10,1
DA:11,1
DA:13,1
DA:14,1
DA:15,1
DA:18,1
DA:20,1
DA:21,0
DA:22,0
DA:23,0
DA:24,0
DA:26,0
DA:27,0
DA:29,0
DA:33,1
DA:34,1
DA:37,1
DA:38,1
DA:41,1
LF:26
LH:19
BRDA:11,0,0,1
BRDA:11,0,1,1
BRDA:23,1,0,0
BRDA:26,2,0,0
BRF:4
BRH:2
end_of_record
TN:
SF:src\db\dbconnection.ts
FNF:0
FNH:0
DA:1,1
DA:3,1
DA:10,1
DA:12,1
LF:4
LH:4
BRDA:4,0,0,1
BRDA:4,0,1,1
BRF:2
BRH:2
end_of_record
TN:
SF:src\routes\userRouter.ts
FN:9,(anonymous_1)
FN:18,(anonymous_2)
FNF:2
FNH:0
FNDA:0,(anonymous_1)
FNDA:0,(anonymous_2)
DA:1,1
DA:4,1
DA:7,1
DA:9,1
DA:10,0
DA:11,0
DA:12,0
DA:13,0
DA:16,0
DA:18,0
DA:19,0
DA:20,0
DA:22,0
DA:25,0
LF:14
LH:4
BRDA:12,0,0,0
BRDA:19,1,0,0
BRF:2
BRH:0
end_of_record
